Nonterminals useless in grammar

   ParameterSeq
   ReturnStatement


Terminals unused in grammar

   T_NEWLN
   T_EOF
   T_RETURN
   T_FOR


Rules useless in grammar

   79 ParameterSeq: T_COMMA T_ID T_COLON Type ParameterSeq
   80             | T_COMMA T_ID T_COLON Type
   81             | %empty

   82 ReturnStatement: T_RETURN Exp T_SEMICOLON
   83                | %empty


State 5 conflicts: 1 shift/reduce
State 20 conflicts: 1 shift/reduce
State 44 conflicts: 1 shift/reduce
State 48 conflicts: 7 shift/reduce, 8 reduce/reduce
State 49 conflicts: 1 shift/reduce
State 52 conflicts: 1 shift/reduce
State 53 conflicts: 1 shift/reduce
State 54 conflicts: 1 shift/reduce
State 57 conflicts: 7 shift/reduce, 8 reduce/reduce
State 70 conflicts: 1 shift/reduce
State 71 conflicts: 1 shift/reduce
State 73 conflicts: 1 shift/reduce
State 82 conflicts: 1 shift/reduce, 17 reduce/reduce
State 86 conflicts: 1 shift/reduce
State 97 conflicts: 1 shift/reduce
State 98 conflicts: 1 shift/reduce
State 99 conflicts: 1 shift/reduce
State 100 conflicts: 1 shift/reduce
State 101 conflicts: 1 shift/reduce
State 102 conflicts: 1 shift/reduce
State 103 conflicts: 1 shift/reduce
State 104 conflicts: 1 shift/reduce
State 105 conflicts: 1 shift/reduce
State 107 conflicts: 1 shift/reduce, 17 reduce/reduce
State 108 conflicts: 1 shift/reduce, 17 reduce/reduce
State 110 conflicts: 1 shift/reduce
State 111 conflicts: 1 shift/reduce, 17 reduce/reduce
State 118 conflicts: 1 shift/reduce
State 132 conflicts: 1 shift/reduce, 17 reduce/reduce
State 134 conflicts: 1 shift/reduce, 17 reduce/reduce
State 138 conflicts: 1 shift/reduce
State 149 conflicts: 1 shift/reduce
State 160 conflicts: 1 shift/reduce
State 164 conflicts: 1 shift/reduce, 17 reduce/reduce
State 167 conflicts: 1 shift/reduce, 17 reduce/reduce


Grammar

    0 $accept: Start $end

    1 Start: Classes

    2 Classes: ClassName

    3 ClassName: T_ID T_OPEN_BRACKET T_CLOSE_BRACKET
    4          | T_ID T_OPEN_BRACKET InnerScopeClass T_CLOSE_BRACKET
    5          | T_ID T_EXTENDS T_ID T_OPEN_BRACKET T_CLOSE_BRACKET
    6          | T_ID T_EXTENDS T_ID T_OPEN_BRACKET InnerScopeClass T_CLOSE_BRACKET

    7 InnerScopeClass: ClassMembers ClassMethods

    8 ClassMembers: ClassMembers ClassMember
    9             | %empty

   10 ClassMember: Type T_ID T_SEMICOLON

   11 ClassMethods: MethodName ClassMethods
   12             | %empty

   13 Parameters: Parameters T_COMMA Parameter
   14           | Parameter

   15 Parameter: T_ID T_COLON Type

   16 MethodName: T_ID T_OPENPAREN Parameters T_CLOSEPAREN T_LAMBDA ReturnType T_OPEN_BRACKET InnerScopeMethod T_CLOSE_BRACKET
   17           | T_ID T_OPENPAREN Parameters T_CLOSEPAREN T_LAMBDA ReturnType T_OPEN_BRACKET T_CLOSE_BRACKET
   18           | T_ID T_OPENPAREN T_CLOSEPAREN T_LAMBDA ReturnType T_OPEN_BRACKET InnerScopeMethod T_CLOSE_BRACKET
   19           | T_ID T_OPENPAREN T_CLOSEPAREN T_LAMBDA ReturnType T_OPEN_BRACKET T_CLOSE_BRACKET

   20 InnerScopeMethod: Declarations Statements

   21 Declarations: Declarations Declaration
   22             | %empty

   23 Declaration: Type IdentifierList T_SEMICOLON

   24 IdentifierList: IdentifierList T_COMMA T_ID
   25               | T_ID

   26 Statements: Statements Statement
   27           | Statement
   28           | %empty

   29 Statement: Assignment
   30          | MethodCall
   31          | IfElse
   32          | While
   33          | RepeatUntil
   34          | Print

   35 Assignment: Type T_ASSIGN Exp T_SEMICOLON
   36           | T_ID T_DOT T_ID T_ASSIGN Exp T_SEMICOLON
   37           | %empty

   38 Exp: Exp T_PLUS Exp
   39    | Exp T_MINUS Exp
   40    | Exp T_MULTIPLY Exp
   41    | Exp T_DIVIDE Exp
   42    | Exp T_LSS Exp
   43    | Exp T_LEQ Exp
   44    | Exp T_EQUIVALENCE Exp
   45    | Exp T_AND Exp
   46    | Exp T_OR Exp
   47    | T_NOT Exp
   48    | T_MINUS Exp
   49    | T_ID
   50    | T_ID T_DOT T_ID
   51    | MethodCall
   52    | T_OPENPAREN Exp T_CLOSEPAREN
   53    | T_NUMBER
   54    | T_TRUE
   55    | T_FALSE
   56    | T_NEW T_ID
   57    | T_NEW T_ID T_OPENPAREN Parameters T_CLOSEPAREN

   58 MethodCall: T_ID T_OPENPAREN Parameters T_CLOSEPAREN T_SEMICOLON
   59           | T_ID T_OPENPAREN T_CLOSEPAREN T_SEMICOLON
   60           | T_ID T_DOT T_ID T_OPENPAREN Parameters T_CLOSEPAREN T_SEMICOLON
   61           | T_ID T_DOT T_ID T_OPENPAREN T_CLOSEPAREN T_SEMICOLON
   62           | %empty

   63 IfElse: T_IF Exp T_OPEN_BRACKET Block T_CLOSE_BRACKET
   64       | T_IF Exp T_OPEN_BRACKET T_CLOSE_BRACKET
   65       | T_IF Exp T_OPEN_BRACKET Block T_CLOSE_BRACKET T_ELSE T_OPEN_BRACKET Block T_CLOSE_BRACKET
   66       | T_IF Exp T_OPEN_BRACKET T_CLOSE_BRACKET T_ELSE T_OPEN_BRACKET T_CLOSE_BRACKET

   67 While: T_WHILE Exp T_OPEN_BRACKET Block T_CLOSE_BRACKET
   68      | T_WHILE Exp T_OPEN_BRACKET T_CLOSE_BRACKET

   69 RepeatUntil: T_REPEAT T_OPEN_BRACKET Block T_CLOSE_BRACKET T_UNTIL T_OPENPAREN Exp T_SEMICOLON
   70            | T_REPEAT T_OPEN_BRACKET T_CLOSE_BRACKET T_UNTIL T_OPENPAREN Exp T_SEMICOLON

   71 Print: T_PRINT Exp T_SEMICOLON

   72 Block: Block Statement Exp T_SEMICOLON
   73      | Statement Exp T_SEMICOLON

   74 Type: T_INTEGER
   75     | T_BOOL
   76     | T_ID

   77 ReturnType: Type
   78           | T_NONE


Terminals, with rules where they appear

$end (0) 0
error (256)
T_PLUS (258) 38
T_MINUS (259) 39 48
T_MULTIPLY (260) 40
T_DIVIDE (261) 41
T_LSS (262) 42
T_LEQ (263) 43
T_EQUIVALENCE (264) 44
T_AND (265) 45
T_OR (266) 46
T_NOT (267) 47
T_ID (268) 3 4 5 6 10 15 16 17 18 19 24 25 36 49 50 56 57 58 59 60
    61 76
T_OPENPAREN (269) 16 17 18 19 52 57 58 59 60 61 69 70
T_CLOSEPAREN (270) 16 17 18 19 52 57 58 59 60 61
T_OPEN_BRACKET (271) 3 4 5 6 16 17 18 19 63 64 65 66 67 68 69 70
T_CLOSE_BRACKET (272) 3 4 5 6 16 17 18 19 63 64 65 66 67 68 69 70
T_INTEGER (273) 74
T_NUMBER (274) 53
T_TRUE (275) 54
T_FALSE (276) 55
T_SEMICOLON (277) 10 23 35 36 58 59 60 61 69 70 71 72 73
T_NEWLN (278)
T_EOF (279)
T_ASSIGN (280) 35 36
T_NONE (281) 78
T_PRINT (282) 71
T_RETURN (283)
T_IF (284) 63 64 65 66
T_ELSE (285) 65 66
T_WHILE (286) 67 68
T_NEW (287) 56 57
T_BOOL (288) 75
T_EXTENDS (289) 5 6
T_REPEAT (290) 69 70
T_UNTIL (291) 69 70
T_FOR (292)
T_DOT (293) 36 50 60 61
T_COMMA (294) 13 24
T_UNARY (295)
T_LAMBDA (296) 16 17 18 19
T_COLON (297) 15


Nonterminals, with rules where they appear

$accept (43)
    on left: 0
Start (44)
    on left: 1, on right: 0
Classes (45)
    on left: 2, on right: 1
ClassName (46)
    on left: 3 4 5 6, on right: 2
InnerScopeClass (47)
    on left: 7, on right: 4 6
ClassMembers (48)
    on left: 8 9, on right: 7 8
ClassMember (49)
    on left: 10, on right: 8
ClassMethods (50)
    on left: 11 12, on right: 7 11
Parameters (51)
    on left: 13 14, on right: 13 16 17 57 58 60
Parameter (52)
    on left: 15, on right: 13 14
MethodName (53)
    on left: 16 17 18 19, on right: 11
InnerScopeMethod (54)
    on left: 20, on right: 16 18
Declarations (55)
    on left: 21 22, on right: 20 21
Declaration (56)
    on left: 23, on right: 21
IdentifierList (57)
    on left: 24 25, on right: 23 24
Statements (58)
    on left: 26 27 28, on right: 20 26
Statement (59)
    on left: 29 30 31 32 33 34, on right: 26 27 72 73
Assignment (60)
    on left: 35 36 37, on right: 29
Exp (61)
    on left: 38 39 40 41 42 43 44 45 46 47 48 49 50 51 52 53 54 55
    56 57, on right: 35 36 38 39 40 41 42 43 44 45 46 47 48 52 63 64
    65 66 67 68 69 70 71 72 73
MethodCall (62)
    on left: 58 59 60 61 62, on right: 30 51
IfElse (63)
    on left: 63 64 65 66, on right: 31
While (64)
    on left: 67 68, on right: 32
RepeatUntil (65)
    on left: 69 70, on right: 33
Print (66)
    on left: 71, on right: 34
Block (67)
    on left: 72 73, on right: 63 65 67 69 72
Type (68)
    on left: 74 75 76, on right: 10 15 23 35 77
ReturnType (69)
    on left: 77 78, on right: 16 17 18 19


State 0

    0 $accept: . Start $end

    T_ID  shift, and go to state 1

    Start      go to state 2
    Classes    go to state 3
    ClassName  go to state 4


State 1

    3 ClassName: T_ID . T_OPEN_BRACKET T_CLOSE_BRACKET
    4          | T_ID . T_OPEN_BRACKET InnerScopeClass T_CLOSE_BRACKET
    5          | T_ID . T_EXTENDS T_ID T_OPEN_BRACKET T_CLOSE_BRACKET
    6          | T_ID . T_EXTENDS T_ID T_OPEN_BRACKET InnerScopeClass T_CLOSE_BRACKET

    T_OPEN_BRACKET  shift, and go to state 5
    T_EXTENDS       shift, and go to state 6


State 2

    0 $accept: Start . $end

    $end  shift, and go to state 7


State 3

    1 Start: Classes .

    $default  reduce using rule 1 (Start)


State 4

    2 Classes: ClassName .

    $default  reduce using rule 2 (Classes)


State 5

    3 ClassName: T_ID T_OPEN_BRACKET . T_CLOSE_BRACKET
    4          | T_ID T_OPEN_BRACKET . InnerScopeClass T_CLOSE_BRACKET

    T_CLOSE_BRACKET  shift, and go to state 8

    T_CLOSE_BRACKET  [reduce using rule 9 (ClassMembers)]
    $default         reduce using rule 9 (ClassMembers)

    InnerScopeClass  go to state 9
    ClassMembers     go to state 10


State 6

    5 ClassName: T_ID T_EXTENDS . T_ID T_OPEN_BRACKET T_CLOSE_BRACKET
    6          | T_ID T_EXTENDS . T_ID T_OPEN_BRACKET InnerScopeClass T_CLOSE_BRACKET

    T_ID  shift, and go to state 11


State 7

    0 $accept: Start $end .

    $default  accept


State 8

    3 ClassName: T_ID T_OPEN_BRACKET T_CLOSE_BRACKET .

    $default  reduce using rule 3 (ClassName)


State 9

    4 ClassName: T_ID T_OPEN_BRACKET InnerScopeClass . T_CLOSE_BRACKET

    T_CLOSE_BRACKET  shift, and go to state 12


State 10

    7 InnerScopeClass: ClassMembers . ClassMethods
    8 ClassMembers: ClassMembers . ClassMember

    T_ID       shift, and go to state 13
    T_INTEGER  shift, and go to state 14
    T_BOOL     shift, and go to state 15

    $default  reduce using rule 12 (ClassMethods)

    ClassMember   go to state 16
    ClassMethods  go to state 17
    MethodName    go to state 18
    Type          go to state 19


State 11

    5 ClassName: T_ID T_EXTENDS T_ID . T_OPEN_BRACKET T_CLOSE_BRACKET
    6          | T_ID T_EXTENDS T_ID . T_OPEN_BRACKET InnerScopeClass T_CLOSE_BRACKET

    T_OPEN_BRACKET  shift, and go to state 20


State 12

    4 ClassName: T_ID T_OPEN_BRACKET InnerScopeClass T_CLOSE_BRACKET .

    $default  reduce using rule 4 (ClassName)


State 13

   16 MethodName: T_ID . T_OPENPAREN Parameters T_CLOSEPAREN T_LAMBDA ReturnType T_OPEN_BRACKET InnerScopeMethod T_CLOSE_BRACKET
   17           | T_ID . T_OPENPAREN Parameters T_CLOSEPAREN T_LAMBDA ReturnType T_OPEN_BRACKET T_CLOSE_BRACKET
   18           | T_ID . T_OPENPAREN T_CLOSEPAREN T_LAMBDA ReturnType T_OPEN_BRACKET InnerScopeMethod T_CLOSE_BRACKET
   19           | T_ID . T_OPENPAREN T_CLOSEPAREN T_LAMBDA ReturnType T_OPEN_BRACKET T_CLOSE_BRACKET
   76 Type: T_ID .

    T_OPENPAREN  shift, and go to state 21

    $default  reduce using rule 76 (Type)


State 14

   74 Type: T_INTEGER .

    $default  reduce using rule 74 (Type)


State 15

   75 Type: T_BOOL .

    $default  reduce using rule 75 (Type)


State 16

    8 ClassMembers: ClassMembers ClassMember .

    $default  reduce using rule 8 (ClassMembers)


State 17

    7 InnerScopeClass: ClassMembers ClassMethods .

    $default  reduce using rule 7 (InnerScopeClass)


State 18

   11 ClassMethods: MethodName . ClassMethods

    T_ID  shift, and go to state 22

    $default  reduce using rule 12 (ClassMethods)

    ClassMethods  go to state 23
    MethodName    go to state 18


State 19

   10 ClassMember: Type . T_ID T_SEMICOLON

    T_ID  shift, and go to state 24


State 20

    5 ClassName: T_ID T_EXTENDS T_ID T_OPEN_BRACKET . T_CLOSE_BRACKET
    6          | T_ID T_EXTENDS T_ID T_OPEN_BRACKET . InnerScopeClass T_CLOSE_BRACKET

    T_CLOSE_BRACKET  shift, and go to state 25

    T_CLOSE_BRACKET  [reduce using rule 9 (ClassMembers)]
    $default         reduce using rule 9 (ClassMembers)

    InnerScopeClass  go to state 26
    ClassMembers     go to state 10


State 21

   16 MethodName: T_ID T_OPENPAREN . Parameters T_CLOSEPAREN T_LAMBDA ReturnType T_OPEN_BRACKET InnerScopeMethod T_CLOSE_BRACKET
   17           | T_ID T_OPENPAREN . Parameters T_CLOSEPAREN T_LAMBDA ReturnType T_OPEN_BRACKET T_CLOSE_BRACKET
   18           | T_ID T_OPENPAREN . T_CLOSEPAREN T_LAMBDA ReturnType T_OPEN_BRACKET InnerScopeMethod T_CLOSE_BRACKET
   19           | T_ID T_OPENPAREN . T_CLOSEPAREN T_LAMBDA ReturnType T_OPEN_BRACKET T_CLOSE_BRACKET

    T_ID          shift, and go to state 27
    T_CLOSEPAREN  shift, and go to state 28

    Parameters  go to state 29
    Parameter   go to state 30


State 22

   16 MethodName: T_ID . T_OPENPAREN Parameters T_CLOSEPAREN T_LAMBDA ReturnType T_OPEN_BRACKET InnerScopeMethod T_CLOSE_BRACKET
   17           | T_ID . T_OPENPAREN Parameters T_CLOSEPAREN T_LAMBDA ReturnType T_OPEN_BRACKET T_CLOSE_BRACKET
   18           | T_ID . T_OPENPAREN T_CLOSEPAREN T_LAMBDA ReturnType T_OPEN_BRACKET InnerScopeMethod T_CLOSE_BRACKET
   19           | T_ID . T_OPENPAREN T_CLOSEPAREN T_LAMBDA ReturnType T_OPEN_BRACKET T_CLOSE_BRACKET

    T_OPENPAREN  shift, and go to state 21


State 23

   11 ClassMethods: MethodName ClassMethods .

    $default  reduce using rule 11 (ClassMethods)


State 24

   10 ClassMember: Type T_ID . T_SEMICOLON

    T_SEMICOLON  shift, and go to state 31


State 25

    5 ClassName: T_ID T_EXTENDS T_ID T_OPEN_BRACKET T_CLOSE_BRACKET .

    $default  reduce using rule 5 (ClassName)


State 26

    6 ClassName: T_ID T_EXTENDS T_ID T_OPEN_BRACKET InnerScopeClass . T_CLOSE_BRACKET

    T_CLOSE_BRACKET  shift, and go to state 32


State 27

   15 Parameter: T_ID . T_COLON Type

    T_COLON  shift, and go to state 33


State 28

   18 MethodName: T_ID T_OPENPAREN T_CLOSEPAREN . T_LAMBDA ReturnType T_OPEN_BRACKET InnerScopeMethod T_CLOSE_BRACKET
   19           | T_ID T_OPENPAREN T_CLOSEPAREN . T_LAMBDA ReturnType T_OPEN_BRACKET T_CLOSE_BRACKET

    T_LAMBDA  shift, and go to state 34


State 29

   13 Parameters: Parameters . T_COMMA Parameter
   16 MethodName: T_ID T_OPENPAREN Parameters . T_CLOSEPAREN T_LAMBDA ReturnType T_OPEN_BRACKET InnerScopeMethod T_CLOSE_BRACKET
   17           | T_ID T_OPENPAREN Parameters . T_CLOSEPAREN T_LAMBDA ReturnType T_OPEN_BRACKET T_CLOSE_BRACKET

    T_CLOSEPAREN  shift, and go to state 35
    T_COMMA       shift, and go to state 36


State 30

   14 Parameters: Parameter .

    $default  reduce using rule 14 (Parameters)


State 31

   10 ClassMember: Type T_ID T_SEMICOLON .

    $default  reduce using rule 10 (ClassMember)


State 32

    6 ClassName: T_ID T_EXTENDS T_ID T_OPEN_BRACKET InnerScopeClass T_CLOSE_BRACKET .

    $default  reduce using rule 6 (ClassName)


State 33

   15 Parameter: T_ID T_COLON . Type

    T_ID       shift, and go to state 37
    T_INTEGER  shift, and go to state 14
    T_BOOL     shift, and go to state 15

    Type  go to state 38


State 34

   18 MethodName: T_ID T_OPENPAREN T_CLOSEPAREN T_LAMBDA . ReturnType T_OPEN_BRACKET InnerScopeMethod T_CLOSE_BRACKET
   19           | T_ID T_OPENPAREN T_CLOSEPAREN T_LAMBDA . ReturnType T_OPEN_BRACKET T_CLOSE_BRACKET

    T_ID       shift, and go to state 37
    T_INTEGER  shift, and go to state 14
    T_NONE     shift, and go to state 39
    T_BOOL     shift, and go to state 15

    Type        go to state 40
    ReturnType  go to state 41


State 35

   16 MethodName: T_ID T_OPENPAREN Parameters T_CLOSEPAREN . T_LAMBDA ReturnType T_OPEN_BRACKET InnerScopeMethod T_CLOSE_BRACKET
   17           | T_ID T_OPENPAREN Parameters T_CLOSEPAREN . T_LAMBDA ReturnType T_OPEN_BRACKET T_CLOSE_BRACKET

    T_LAMBDA  shift, and go to state 42


State 36

   13 Parameters: Parameters T_COMMA . Parameter

    T_ID  shift, and go to state 27

    Parameter  go to state 43


State 37

   76 Type: T_ID .

    $default  reduce using rule 76 (Type)


State 38

   15 Parameter: T_ID T_COLON Type .

    $default  reduce using rule 15 (Parameter)


State 39

   78 ReturnType: T_NONE .

    $default  reduce using rule 78 (ReturnType)


State 40

   77 ReturnType: Type .

    $default  reduce using rule 77 (ReturnType)


State 41

   18 MethodName: T_ID T_OPENPAREN T_CLOSEPAREN T_LAMBDA ReturnType . T_OPEN_BRACKET InnerScopeMethod T_CLOSE_BRACKET
   19           | T_ID T_OPENPAREN T_CLOSEPAREN T_LAMBDA ReturnType . T_OPEN_BRACKET T_CLOSE_BRACKET

    T_OPEN_BRACKET  shift, and go to state 44


State 42

   16 MethodName: T_ID T_OPENPAREN Parameters T_CLOSEPAREN T_LAMBDA . ReturnType T_OPEN_BRACKET InnerScopeMethod T_CLOSE_BRACKET
   17           | T_ID T_OPENPAREN Parameters T_CLOSEPAREN T_LAMBDA . ReturnType T_OPEN_BRACKET T_CLOSE_BRACKET

    T_ID       shift, and go to state 37
    T_INTEGER  shift, and go to state 14
    T_NONE     shift, and go to state 39
    T_BOOL     shift, and go to state 15

    Type        go to state 40
    ReturnType  go to state 45


State 43

   13 Parameters: Parameters T_COMMA Parameter .

    $default  reduce using rule 13 (Parameters)


State 44

   18 MethodName: T_ID T_OPENPAREN T_CLOSEPAREN T_LAMBDA ReturnType T_OPEN_BRACKET . InnerScopeMethod T_CLOSE_BRACKET
   19           | T_ID T_OPENPAREN T_CLOSEPAREN T_LAMBDA ReturnType T_OPEN_BRACKET . T_CLOSE_BRACKET

    T_CLOSE_BRACKET  shift, and go to state 46

    T_CLOSE_BRACKET  [reduce using rule 22 (Declarations)]
    $default         reduce using rule 22 (Declarations)

    InnerScopeMethod  go to state 47
    Declarations      go to state 48


State 45

   16 MethodName: T_ID T_OPENPAREN Parameters T_CLOSEPAREN T_LAMBDA ReturnType . T_OPEN_BRACKET InnerScopeMethod T_CLOSE_BRACKET
   17           | T_ID T_OPENPAREN Parameters T_CLOSEPAREN T_LAMBDA ReturnType . T_OPEN_BRACKET T_CLOSE_BRACKET

    T_OPEN_BRACKET  shift, and go to state 49


State 46

   19 MethodName: T_ID T_OPENPAREN T_CLOSEPAREN T_LAMBDA ReturnType T_OPEN_BRACKET T_CLOSE_BRACKET .

    $default  reduce using rule 19 (MethodName)


State 47

   18 MethodName: T_ID T_OPENPAREN T_CLOSEPAREN T_LAMBDA ReturnType T_OPEN_BRACKET InnerScopeMethod . T_CLOSE_BRACKET

    T_CLOSE_BRACKET  shift, and go to state 50


State 48

   20 InnerScopeMethod: Declarations . Statements
   21 Declarations: Declarations . Declaration

    T_ID       shift, and go to state 51
    T_INTEGER  shift, and go to state 14
    T_PRINT    shift, and go to state 52
    T_IF       shift, and go to state 53
    T_WHILE    shift, and go to state 54
    T_BOOL     shift, and go to state 15
    T_REPEAT   shift, and go to state 55

    T_ID             [reduce using rule 28 (Statements)]
    T_ID             [reduce using rule 37 (Assignment)]
    T_ID             [reduce using rule 62 (MethodCall)]
    T_CLOSE_BRACKET  reduce using rule 28 (Statements)
    T_CLOSE_BRACKET  [reduce using rule 37 (Assignment)]
    T_CLOSE_BRACKET  [reduce using rule 62 (MethodCall)]
    T_INTEGER        [reduce using rule 28 (Statements)]
    T_INTEGER        [reduce using rule 37 (Assignment)]
    T_INTEGER        [reduce using rule 62 (MethodCall)]
    T_PRINT          [reduce using rule 28 (Statements)]
    T_PRINT          [reduce using rule 37 (Assignment)]
    T_PRINT          [reduce using rule 62 (MethodCall)]
    T_IF             [reduce using rule 28 (Statements)]
    T_IF             [reduce using rule 37 (Assignment)]
    T_IF             [reduce using rule 62 (MethodCall)]
    T_WHILE          [reduce using rule 28 (Statements)]
    T_WHILE          [reduce using rule 37 (Assignment)]
    T_WHILE          [reduce using rule 62 (MethodCall)]
    T_BOOL           [reduce using rule 28 (Statements)]
    T_BOOL           [reduce using rule 37 (Assignment)]
    T_BOOL           [reduce using rule 62 (MethodCall)]
    T_REPEAT         [reduce using rule 28 (Statements)]
    T_REPEAT         [reduce using rule 37 (Assignment)]
    T_REPEAT         [reduce using rule 62 (MethodCall)]
    $default         reduce using rule 28 (Statements)

    Declaration  go to state 56
    Statements   go to state 57
    Statement    go to state 58
    Assignment   go to state 59
    MethodCall   go to state 60
    IfElse       go to state 61
    While        go to state 62
    RepeatUntil  go to state 63
    Print        go to state 64
    Type         go to state 65


State 49

   16 MethodName: T_ID T_OPENPAREN Parameters T_CLOSEPAREN T_LAMBDA ReturnType T_OPEN_BRACKET . InnerScopeMethod T_CLOSE_BRACKET
   17           | T_ID T_OPENPAREN Parameters T_CLOSEPAREN T_LAMBDA ReturnType T_OPEN_BRACKET . T_CLOSE_BRACKET

    T_CLOSE_BRACKET  shift, and go to state 66

    T_CLOSE_BRACKET  [reduce using rule 22 (Declarations)]
    $default         reduce using rule 22 (Declarations)

    InnerScopeMethod  go to state 67
    Declarations      go to state 48


State 50

   18 MethodName: T_ID T_OPENPAREN T_CLOSEPAREN T_LAMBDA ReturnType T_OPEN_BRACKET InnerScopeMethod T_CLOSE_BRACKET .

    $default  reduce using rule 18 (MethodName)


State 51

   36 Assignment: T_ID . T_DOT T_ID T_ASSIGN Exp T_SEMICOLON
   58 MethodCall: T_ID . T_OPENPAREN Parameters T_CLOSEPAREN T_SEMICOLON
   59           | T_ID . T_OPENPAREN T_CLOSEPAREN T_SEMICOLON
   60           | T_ID . T_DOT T_ID T_OPENPAREN Parameters T_CLOSEPAREN T_SEMICOLON
   61           | T_ID . T_DOT T_ID T_OPENPAREN T_CLOSEPAREN T_SEMICOLON
   76 Type: T_ID .

    T_OPENPAREN  shift, and go to state 68
    T_DOT        shift, and go to state 69

    $default  reduce using rule 76 (Type)


State 52

   71 Print: T_PRINT . Exp T_SEMICOLON

    T_MINUS      shift, and go to state 70
    T_NOT        shift, and go to state 71
    T_ID         shift, and go to state 72
    T_OPENPAREN  shift, and go to state 73
    T_NUMBER     shift, and go to state 74
    T_TRUE       shift, and go to state 75
    T_FALSE      shift, and go to state 76
    T_NEW        shift, and go to state 77

    T_MINUS   [reduce using rule 62 (MethodCall)]
    $default  reduce using rule 62 (MethodCall)

    Exp         go to state 78
    MethodCall  go to state 79


State 53

   63 IfElse: T_IF . Exp T_OPEN_BRACKET Block T_CLOSE_BRACKET
   64       | T_IF . Exp T_OPEN_BRACKET T_CLOSE_BRACKET
   65       | T_IF . Exp T_OPEN_BRACKET Block T_CLOSE_BRACKET T_ELSE T_OPEN_BRACKET Block T_CLOSE_BRACKET
   66       | T_IF . Exp T_OPEN_BRACKET T_CLOSE_BRACKET T_ELSE T_OPEN_BRACKET T_CLOSE_BRACKET

    T_MINUS      shift, and go to state 70
    T_NOT        shift, and go to state 71
    T_ID         shift, and go to state 72
    T_OPENPAREN  shift, and go to state 73
    T_NUMBER     shift, and go to state 74
    T_TRUE       shift, and go to state 75
    T_FALSE      shift, and go to state 76
    T_NEW        shift, and go to state 77

    T_MINUS   [reduce using rule 62 (MethodCall)]
    $default  reduce using rule 62 (MethodCall)

    Exp         go to state 80
    MethodCall  go to state 79


State 54

   67 While: T_WHILE . Exp T_OPEN_BRACKET Block T_CLOSE_BRACKET
   68      | T_WHILE . Exp T_OPEN_BRACKET T_CLOSE_BRACKET

    T_MINUS      shift, and go to state 70
    T_NOT        shift, and go to state 71
    T_ID         shift, and go to state 72
    T_OPENPAREN  shift, and go to state 73
    T_NUMBER     shift, and go to state 74
    T_TRUE       shift, and go to state 75
    T_FALSE      shift, and go to state 76
    T_NEW        shift, and go to state 77

    T_MINUS   [reduce using rule 62 (MethodCall)]
    $default  reduce using rule 62 (MethodCall)

    Exp         go to state 81
    MethodCall  go to state 79


State 55

   69 RepeatUntil: T_REPEAT . T_OPEN_BRACKET Block T_CLOSE_BRACKET T_UNTIL T_OPENPAREN Exp T_SEMICOLON
   70            | T_REPEAT . T_OPEN_BRACKET T_CLOSE_BRACKET T_UNTIL T_OPENPAREN Exp T_SEMICOLON

    T_OPEN_BRACKET  shift, and go to state 82


State 56

   21 Declarations: Declarations Declaration .

    $default  reduce using rule 21 (Declarations)


State 57

   20 InnerScopeMethod: Declarations Statements .
   26 Statements: Statements . Statement

    T_ID       shift, and go to state 51
    T_INTEGER  shift, and go to state 14
    T_PRINT    shift, and go to state 52
    T_IF       shift, and go to state 53
    T_WHILE    shift, and go to state 54
    T_BOOL     shift, and go to state 15
    T_REPEAT   shift, and go to state 55

    T_ID             [reduce using rule 37 (Assignment)]
    T_ID             [reduce using rule 62 (MethodCall)]
    T_CLOSE_BRACKET  reduce using rule 20 (InnerScopeMethod)
    T_CLOSE_BRACKET  [reduce using rule 37 (Assignment)]
    T_CLOSE_BRACKET  [reduce using rule 62 (MethodCall)]
    T_INTEGER        [reduce using rule 37 (Assignment)]
    T_INTEGER        [reduce using rule 62 (MethodCall)]
    T_PRINT          [reduce using rule 37 (Assignment)]
    T_PRINT          [reduce using rule 62 (MethodCall)]
    T_IF             [reduce using rule 37 (Assignment)]
    T_IF             [reduce using rule 62 (MethodCall)]
    T_WHILE          [reduce using rule 37 (Assignment)]
    T_WHILE          [reduce using rule 62 (MethodCall)]
    T_BOOL           [reduce using rule 37 (Assignment)]
    T_BOOL           [reduce using rule 62 (MethodCall)]
    T_REPEAT         [reduce using rule 37 (Assignment)]
    T_REPEAT         [reduce using rule 62 (MethodCall)]
    $default         reduce using rule 20 (InnerScopeMethod)

    Statement    go to state 83
    Assignment   go to state 59
    MethodCall   go to state 60
    IfElse       go to state 61
    While        go to state 62
    RepeatUntil  go to state 63
    Print        go to state 64
    Type         go to state 84


State 58

   27 Statements: Statement .

    $default  reduce using rule 27 (Statements)


State 59

   29 Statement: Assignment .

    $default  reduce using rule 29 (Statement)


State 60

   30 Statement: MethodCall .

    $default  reduce using rule 30 (Statement)


State 61

   31 Statement: IfElse .

    $default  reduce using rule 31 (Statement)


State 62

   32 Statement: While .

    $default  reduce using rule 32 (Statement)


State 63

   33 Statement: RepeatUntil .

    $default  reduce using rule 33 (Statement)


State 64

   34 Statement: Print .

    $default  reduce using rule 34 (Statement)


State 65

   23 Declaration: Type . IdentifierList T_SEMICOLON
   35 Assignment: Type . T_ASSIGN Exp T_SEMICOLON

    T_ID      shift, and go to state 85
    T_ASSIGN  shift, and go to state 86

    IdentifierList  go to state 87


State 66

   17 MethodName: T_ID T_OPENPAREN Parameters T_CLOSEPAREN T_LAMBDA ReturnType T_OPEN_BRACKET T_CLOSE_BRACKET .

    $default  reduce using rule 17 (MethodName)


State 67

   16 MethodName: T_ID T_OPENPAREN Parameters T_CLOSEPAREN T_LAMBDA ReturnType T_OPEN_BRACKET InnerScopeMethod . T_CLOSE_BRACKET

    T_CLOSE_BRACKET  shift, and go to state 88


State 68

   58 MethodCall: T_ID T_OPENPAREN . Parameters T_CLOSEPAREN T_SEMICOLON
   59           | T_ID T_OPENPAREN . T_CLOSEPAREN T_SEMICOLON

    T_ID          shift, and go to state 27
    T_CLOSEPAREN  shift, and go to state 89

    Parameters  go to state 90
    Parameter   go to state 30


State 69

   36 Assignment: T_ID T_DOT . T_ID T_ASSIGN Exp T_SEMICOLON
   60 MethodCall: T_ID T_DOT . T_ID T_OPENPAREN Parameters T_CLOSEPAREN T_SEMICOLON
   61           | T_ID T_DOT . T_ID T_OPENPAREN T_CLOSEPAREN T_SEMICOLON

    T_ID  shift, and go to state 91


State 70

   48 Exp: T_MINUS . Exp

    T_MINUS      shift, and go to state 70
    T_NOT        shift, and go to state 71
    T_ID         shift, and go to state 72
    T_OPENPAREN  shift, and go to state 73
    T_NUMBER     shift, and go to state 74
    T_TRUE       shift, and go to state 75
    T_FALSE      shift, and go to state 76
    T_NEW        shift, and go to state 77

    T_MINUS   [reduce using rule 62 (MethodCall)]
    $default  reduce using rule 62 (MethodCall)

    Exp         go to state 92
    MethodCall  go to state 79


State 71

   47 Exp: T_NOT . Exp

    T_MINUS      shift, and go to state 70
    T_NOT        shift, and go to state 71
    T_ID         shift, and go to state 72
    T_OPENPAREN  shift, and go to state 73
    T_NUMBER     shift, and go to state 74
    T_TRUE       shift, and go to state 75
    T_FALSE      shift, and go to state 76
    T_NEW        shift, and go to state 77

    T_MINUS   [reduce using rule 62 (MethodCall)]
    $default  reduce using rule 62 (MethodCall)

    Exp         go to state 93
    MethodCall  go to state 79


State 72

   49 Exp: T_ID .
   50    | T_ID . T_DOT T_ID
   58 MethodCall: T_ID . T_OPENPAREN Parameters T_CLOSEPAREN T_SEMICOLON
   59           | T_ID . T_OPENPAREN T_CLOSEPAREN T_SEMICOLON
   60           | T_ID . T_DOT T_ID T_OPENPAREN Parameters T_CLOSEPAREN T_SEMICOLON
   61           | T_ID . T_DOT T_ID T_OPENPAREN T_CLOSEPAREN T_SEMICOLON

    T_OPENPAREN  shift, and go to state 68
    T_DOT        shift, and go to state 94

    $default  reduce using rule 49 (Exp)


State 73

   52 Exp: T_OPENPAREN . Exp T_CLOSEPAREN

    T_MINUS      shift, and go to state 70
    T_NOT        shift, and go to state 71
    T_ID         shift, and go to state 72
    T_OPENPAREN  shift, and go to state 73
    T_NUMBER     shift, and go to state 74
    T_TRUE       shift, and go to state 75
    T_FALSE      shift, and go to state 76
    T_NEW        shift, and go to state 77

    T_MINUS   [reduce using rule 62 (MethodCall)]
    $default  reduce using rule 62 (MethodCall)

    Exp         go to state 95
    MethodCall  go to state 79


State 74

   53 Exp: T_NUMBER .

    $default  reduce using rule 53 (Exp)


State 75

   54 Exp: T_TRUE .

    $default  reduce using rule 54 (Exp)


State 76

   55 Exp: T_FALSE .

    $default  reduce using rule 55 (Exp)


State 77

   56 Exp: T_NEW . T_ID
   57    | T_NEW . T_ID T_OPENPAREN Parameters T_CLOSEPAREN

    T_ID  shift, and go to state 96


State 78

   38 Exp: Exp . T_PLUS Exp
   39    | Exp . T_MINUS Exp
   40    | Exp . T_MULTIPLY Exp
   41    | Exp . T_DIVIDE Exp
   42    | Exp . T_LSS Exp
   43    | Exp . T_LEQ Exp
   44    | Exp . T_EQUIVALENCE Exp
   45    | Exp . T_AND Exp
   46    | Exp . T_OR Exp
   71 Print: T_PRINT Exp . T_SEMICOLON

    T_PLUS         shift, and go to state 97
    T_MINUS        shift, and go to state 98
    T_MULTIPLY     shift, and go to state 99
    T_DIVIDE       shift, and go to state 100
    T_LSS          shift, and go to state 101
    T_LEQ          shift, and go to state 102
    T_EQUIVALENCE  shift, and go to state 103
    T_AND          shift, and go to state 104
    T_OR           shift, and go to state 105
    T_SEMICOLON    shift, and go to state 106


State 79

   51 Exp: MethodCall .

    $default  reduce using rule 51 (Exp)


State 80

   38 Exp: Exp . T_PLUS Exp
   39    | Exp . T_MINUS Exp
   40    | Exp . T_MULTIPLY Exp
   41    | Exp . T_DIVIDE Exp
   42    | Exp . T_LSS Exp
   43    | Exp . T_LEQ Exp
   44    | Exp . T_EQUIVALENCE Exp
   45    | Exp . T_AND Exp
   46    | Exp . T_OR Exp
   63 IfElse: T_IF Exp . T_OPEN_BRACKET Block T_CLOSE_BRACKET
   64       | T_IF Exp . T_OPEN_BRACKET T_CLOSE_BRACKET
   65       | T_IF Exp . T_OPEN_BRACKET Block T_CLOSE_BRACKET T_ELSE T_OPEN_BRACKET Block T_CLOSE_BRACKET
   66       | T_IF Exp . T_OPEN_BRACKET T_CLOSE_BRACKET T_ELSE T_OPEN_BRACKET T_CLOSE_BRACKET

    T_PLUS          shift, and go to state 97
    T_MINUS         shift, and go to state 98
    T_MULTIPLY      shift, and go to state 99
    T_DIVIDE        shift, and go to state 100
    T_LSS           shift, and go to state 101
    T_LEQ           shift, and go to state 102
    T_EQUIVALENCE   shift, and go to state 103
    T_AND           shift, and go to state 104
    T_OR            shift, and go to state 105
    T_OPEN_BRACKET  shift, and go to state 107


State 81

   38 Exp: Exp . T_PLUS Exp
   39    | Exp . T_MINUS Exp
   40    | Exp . T_MULTIPLY Exp
   41    | Exp . T_DIVIDE Exp
   42    | Exp . T_LSS Exp
   43    | Exp . T_LEQ Exp
   44    | Exp . T_EQUIVALENCE Exp
   45    | Exp . T_AND Exp
   46    | Exp . T_OR Exp
   67 While: T_WHILE Exp . T_OPEN_BRACKET Block T_CLOSE_BRACKET
   68      | T_WHILE Exp . T_OPEN_BRACKET T_CLOSE_BRACKET

    T_PLUS          shift, and go to state 97
    T_MINUS         shift, and go to state 98
    T_MULTIPLY      shift, and go to state 99
    T_DIVIDE        shift, and go to state 100
    T_LSS           shift, and go to state 101
    T_LEQ           shift, and go to state 102
    T_EQUIVALENCE   shift, and go to state 103
    T_AND           shift, and go to state 104
    T_OR            shift, and go to state 105
    T_OPEN_BRACKET  shift, and go to state 108


State 82

   69 RepeatUntil: T_REPEAT T_OPEN_BRACKET . Block T_CLOSE_BRACKET T_UNTIL T_OPENPAREN Exp T_SEMICOLON
   70            | T_REPEAT T_OPEN_BRACKET . T_CLOSE_BRACKET T_UNTIL T_OPENPAREN Exp T_SEMICOLON

    T_ID             shift, and go to state 51
    T_CLOSE_BRACKET  shift, and go to state 109
    T_INTEGER        shift, and go to state 14
    T_PRINT          shift, and go to state 52
    T_IF             shift, and go to state 53
    T_WHILE          shift, and go to state 54
    T_BOOL           shift, and go to state 15
    T_REPEAT         shift, and go to state 55

    T_PLUS         reduce using rule 37 (Assignment)
    T_PLUS         [reduce using rule 62 (MethodCall)]
    T_MINUS        reduce using rule 37 (Assignment)
    T_MINUS        [reduce using rule 62 (MethodCall)]
    T_MULTIPLY     reduce using rule 37 (Assignment)
    T_MULTIPLY     [reduce using rule 62 (MethodCall)]
    T_DIVIDE       reduce using rule 37 (Assignment)
    T_DIVIDE       [reduce using rule 62 (MethodCall)]
    T_LSS          reduce using rule 37 (Assignment)
    T_LSS          [reduce using rule 62 (MethodCall)]
    T_LEQ          reduce using rule 37 (Assignment)
    T_LEQ          [reduce using rule 62 (MethodCall)]
    T_EQUIVALENCE  reduce using rule 37 (Assignment)
    T_EQUIVALENCE  [reduce using rule 62 (MethodCall)]
    T_AND          reduce using rule 37 (Assignment)
    T_AND          [reduce using rule 62 (MethodCall)]
    T_OR           reduce using rule 37 (Assignment)
    T_OR           [reduce using rule 62 (MethodCall)]
    T_NOT          reduce using rule 37 (Assignment)
    T_NOT          [reduce using rule 62 (MethodCall)]
    T_ID           [reduce using rule 37 (Assignment)]
    T_ID           [reduce using rule 62 (MethodCall)]
    T_OPENPAREN    reduce using rule 37 (Assignment)
    T_OPENPAREN    [reduce using rule 62 (MethodCall)]
    T_NUMBER       reduce using rule 37 (Assignment)
    T_NUMBER       [reduce using rule 62 (MethodCall)]
    T_TRUE         reduce using rule 37 (Assignment)
    T_TRUE         [reduce using rule 62 (MethodCall)]
    T_FALSE        reduce using rule 37 (Assignment)
    T_FALSE        [reduce using rule 62 (MethodCall)]
    T_SEMICOLON    reduce using rule 37 (Assignment)
    T_SEMICOLON    [reduce using rule 62 (MethodCall)]
    T_NEW          reduce using rule 37 (Assignment)
    T_NEW          [reduce using rule 62 (MethodCall)]
    $default       reduce using rule 37 (Assignment)

    Statement    go to state 110
    Assignment   go to state 59
    MethodCall   go to state 60
    IfElse       go to state 61
    While        go to state 62
    RepeatUntil  go to state 63
    Print        go to state 64
    Block        go to state 111
    Type         go to state 84


State 83

   26 Statements: Statements Statement .

    $default  reduce using rule 26 (Statements)


State 84

   35 Assignment: Type . T_ASSIGN Exp T_SEMICOLON

    T_ASSIGN  shift, and go to state 86


State 85

   25 IdentifierList: T_ID .

    $default  reduce using rule 25 (IdentifierList)


State 86

   35 Assignment: Type T_ASSIGN . Exp T_SEMICOLON

    T_MINUS      shift, and go to state 70
    T_NOT        shift, and go to state 71
    T_ID         shift, and go to state 72
    T_OPENPAREN  shift, and go to state 73
    T_NUMBER     shift, and go to state 74
    T_TRUE       shift, and go to state 75
    T_FALSE      shift, and go to state 76
    T_NEW        shift, and go to state 77

    T_MINUS   [reduce using rule 62 (MethodCall)]
    $default  reduce using rule 62 (MethodCall)

    Exp         go to state 112
    MethodCall  go to state 79


State 87

   23 Declaration: Type IdentifierList . T_SEMICOLON
   24 IdentifierList: IdentifierList . T_COMMA T_ID

    T_SEMICOLON  shift, and go to state 113
    T_COMMA      shift, and go to state 114


State 88

   16 MethodName: T_ID T_OPENPAREN Parameters T_CLOSEPAREN T_LAMBDA ReturnType T_OPEN_BRACKET InnerScopeMethod T_CLOSE_BRACKET .

    $default  reduce using rule 16 (MethodName)


State 89

   59 MethodCall: T_ID T_OPENPAREN T_CLOSEPAREN . T_SEMICOLON

    T_SEMICOLON  shift, and go to state 115


State 90

   13 Parameters: Parameters . T_COMMA Parameter
   58 MethodCall: T_ID T_OPENPAREN Parameters . T_CLOSEPAREN T_SEMICOLON

    T_CLOSEPAREN  shift, and go to state 116
    T_COMMA       shift, and go to state 36


State 91

   36 Assignment: T_ID T_DOT T_ID . T_ASSIGN Exp T_SEMICOLON
   60 MethodCall: T_ID T_DOT T_ID . T_OPENPAREN Parameters T_CLOSEPAREN T_SEMICOLON
   61           | T_ID T_DOT T_ID . T_OPENPAREN T_CLOSEPAREN T_SEMICOLON

    T_OPENPAREN  shift, and go to state 117
    T_ASSIGN     shift, and go to state 118


State 92

   38 Exp: Exp . T_PLUS Exp
   39    | Exp . T_MINUS Exp
   40    | Exp . T_MULTIPLY Exp
   41    | Exp . T_DIVIDE Exp
   42    | Exp . T_LSS Exp
   43    | Exp . T_LEQ Exp
   44    | Exp . T_EQUIVALENCE Exp
   45    | Exp . T_AND Exp
   46    | Exp . T_OR Exp
   48    | T_MINUS Exp .

    $default  reduce using rule 48 (Exp)


State 93

   38 Exp: Exp . T_PLUS Exp
   39    | Exp . T_MINUS Exp
   40    | Exp . T_MULTIPLY Exp
   41    | Exp . T_DIVIDE Exp
   42    | Exp . T_LSS Exp
   43    | Exp . T_LEQ Exp
   44    | Exp . T_EQUIVALENCE Exp
   45    | Exp . T_AND Exp
   46    | Exp . T_OR Exp
   47    | T_NOT Exp .

    $default  reduce using rule 47 (Exp)


State 94

   50 Exp: T_ID T_DOT . T_ID
   60 MethodCall: T_ID T_DOT . T_ID T_OPENPAREN Parameters T_CLOSEPAREN T_SEMICOLON
   61           | T_ID T_DOT . T_ID T_OPENPAREN T_CLOSEPAREN T_SEMICOLON

    T_ID  shift, and go to state 119


State 95

   38 Exp: Exp . T_PLUS Exp
   39    | Exp . T_MINUS Exp
   40    | Exp . T_MULTIPLY Exp
   41    | Exp . T_DIVIDE Exp
   42    | Exp . T_LSS Exp
   43    | Exp . T_LEQ Exp
   44    | Exp . T_EQUIVALENCE Exp
   45    | Exp . T_AND Exp
   46    | Exp . T_OR Exp
   52    | T_OPENPAREN Exp . T_CLOSEPAREN

    T_PLUS         shift, and go to state 97
    T_MINUS        shift, and go to state 98
    T_MULTIPLY     shift, and go to state 99
    T_DIVIDE       shift, and go to state 100
    T_LSS          shift, and go to state 101
    T_LEQ          shift, and go to state 102
    T_EQUIVALENCE  shift, and go to state 103
    T_AND          shift, and go to state 104
    T_OR           shift, and go to state 105
    T_CLOSEPAREN   shift, and go to state 120


State 96

   56 Exp: T_NEW T_ID .
   57    | T_NEW T_ID . T_OPENPAREN Parameters T_CLOSEPAREN

    T_OPENPAREN  shift, and go to state 121

    $default  reduce using rule 56 (Exp)


State 97

   38 Exp: Exp T_PLUS . Exp

    T_MINUS      shift, and go to state 70
    T_NOT        shift, and go to state 71
    T_ID         shift, and go to state 72
    T_OPENPAREN  shift, and go to state 73
    T_NUMBER     shift, and go to state 74
    T_TRUE       shift, and go to state 75
    T_FALSE      shift, and go to state 76
    T_NEW        shift, and go to state 77

    T_MINUS   [reduce using rule 62 (MethodCall)]
    $default  reduce using rule 62 (MethodCall)

    Exp         go to state 122
    MethodCall  go to state 79


State 98

   39 Exp: Exp T_MINUS . Exp

    T_MINUS      shift, and go to state 70
    T_NOT        shift, and go to state 71
    T_ID         shift, and go to state 72
    T_OPENPAREN  shift, and go to state 73
    T_NUMBER     shift, and go to state 74
    T_TRUE       shift, and go to state 75
    T_FALSE      shift, and go to state 76
    T_NEW        shift, and go to state 77

    T_MINUS   [reduce using rule 62 (MethodCall)]
    $default  reduce using rule 62 (MethodCall)

    Exp         go to state 123
    MethodCall  go to state 79


State 99

   40 Exp: Exp T_MULTIPLY . Exp

    T_MINUS      shift, and go to state 70
    T_NOT        shift, and go to state 71
    T_ID         shift, and go to state 72
    T_OPENPAREN  shift, and go to state 73
    T_NUMBER     shift, and go to state 74
    T_TRUE       shift, and go to state 75
    T_FALSE      shift, and go to state 76
    T_NEW        shift, and go to state 77

    T_MINUS   [reduce using rule 62 (MethodCall)]
    $default  reduce using rule 62 (MethodCall)

    Exp         go to state 124
    MethodCall  go to state 79


State 100

   41 Exp: Exp T_DIVIDE . Exp

    T_MINUS      shift, and go to state 70
    T_NOT        shift, and go to state 71
    T_ID         shift, and go to state 72
    T_OPENPAREN  shift, and go to state 73
    T_NUMBER     shift, and go to state 74
    T_TRUE       shift, and go to state 75
    T_FALSE      shift, and go to state 76
    T_NEW        shift, and go to state 77

    T_MINUS   [reduce using rule 62 (MethodCall)]
    $default  reduce using rule 62 (MethodCall)

    Exp         go to state 125
    MethodCall  go to state 79


State 101

   42 Exp: Exp T_LSS . Exp

    T_MINUS      shift, and go to state 70
    T_NOT        shift, and go to state 71
    T_ID         shift, and go to state 72
    T_OPENPAREN  shift, and go to state 73
    T_NUMBER     shift, and go to state 74
    T_TRUE       shift, and go to state 75
    T_FALSE      shift, and go to state 76
    T_NEW        shift, and go to state 77

    T_MINUS   [reduce using rule 62 (MethodCall)]
    $default  reduce using rule 62 (MethodCall)

    Exp         go to state 126
    MethodCall  go to state 79


State 102

   43 Exp: Exp T_LEQ . Exp

    T_MINUS      shift, and go to state 70
    T_NOT        shift, and go to state 71
    T_ID         shift, and go to state 72
    T_OPENPAREN  shift, and go to state 73
    T_NUMBER     shift, and go to state 74
    T_TRUE       shift, and go to state 75
    T_FALSE      shift, and go to state 76
    T_NEW        shift, and go to state 77

    T_MINUS   [reduce using rule 62 (MethodCall)]
    $default  reduce using rule 62 (MethodCall)

    Exp         go to state 127
    MethodCall  go to state 79


State 103

   44 Exp: Exp T_EQUIVALENCE . Exp

    T_MINUS      shift, and go to state 70
    T_NOT        shift, and go to state 71
    T_ID         shift, and go to state 72
    T_OPENPAREN  shift, and go to state 73
    T_NUMBER     shift, and go to state 74
    T_TRUE       shift, and go to state 75
    T_FALSE      shift, and go to state 76
    T_NEW        shift, and go to state 77

    T_MINUS   [reduce using rule 62 (MethodCall)]
    $default  reduce using rule 62 (MethodCall)

    Exp         go to state 128
    MethodCall  go to state 79


State 104

   45 Exp: Exp T_AND . Exp

    T_MINUS      shift, and go to state 70
    T_NOT        shift, and go to state 71
    T_ID         shift, and go to state 72
    T_OPENPAREN  shift, and go to state 73
    T_NUMBER     shift, and go to state 74
    T_TRUE       shift, and go to state 75
    T_FALSE      shift, and go to state 76
    T_NEW        shift, and go to state 77

    T_MINUS   [reduce using rule 62 (MethodCall)]
    $default  reduce using rule 62 (MethodCall)

    Exp         go to state 129
    MethodCall  go to state 79


State 105

   46 Exp: Exp T_OR . Exp

    T_MINUS      shift, and go to state 70
    T_NOT        shift, and go to state 71
    T_ID         shift, and go to state 72
    T_OPENPAREN  shift, and go to state 73
    T_NUMBER     shift, and go to state 74
    T_TRUE       shift, and go to state 75
    T_FALSE      shift, and go to state 76
    T_NEW        shift, and go to state 77

    T_MINUS   [reduce using rule 62 (MethodCall)]
    $default  reduce using rule 62 (MethodCall)

    Exp         go to state 130
    MethodCall  go to state 79


State 106

   71 Print: T_PRINT Exp T_SEMICOLON .

    $default  reduce using rule 71 (Print)


State 107

   63 IfElse: T_IF Exp T_OPEN_BRACKET . Block T_CLOSE_BRACKET
   64       | T_IF Exp T_OPEN_BRACKET . T_CLOSE_BRACKET
   65       | T_IF Exp T_OPEN_BRACKET . Block T_CLOSE_BRACKET T_ELSE T_OPEN_BRACKET Block T_CLOSE_BRACKET
   66       | T_IF Exp T_OPEN_BRACKET . T_CLOSE_BRACKET T_ELSE T_OPEN_BRACKET T_CLOSE_BRACKET

    T_ID             shift, and go to state 51
    T_CLOSE_BRACKET  shift, and go to state 131
    T_INTEGER        shift, and go to state 14
    T_PRINT          shift, and go to state 52
    T_IF             shift, and go to state 53
    T_WHILE          shift, and go to state 54
    T_BOOL           shift, and go to state 15
    T_REPEAT         shift, and go to state 55

    T_PLUS         reduce using rule 37 (Assignment)
    T_PLUS         [reduce using rule 62 (MethodCall)]
    T_MINUS        reduce using rule 37 (Assignment)
    T_MINUS        [reduce using rule 62 (MethodCall)]
    T_MULTIPLY     reduce using rule 37 (Assignment)
    T_MULTIPLY     [reduce using rule 62 (MethodCall)]
    T_DIVIDE       reduce using rule 37 (Assignment)
    T_DIVIDE       [reduce using rule 62 (MethodCall)]
    T_LSS          reduce using rule 37 (Assignment)
    T_LSS          [reduce using rule 62 (MethodCall)]
    T_LEQ          reduce using rule 37 (Assignment)
    T_LEQ          [reduce using rule 62 (MethodCall)]
    T_EQUIVALENCE  reduce using rule 37 (Assignment)
    T_EQUIVALENCE  [reduce using rule 62 (MethodCall)]
    T_AND          reduce using rule 37 (Assignment)
    T_AND          [reduce using rule 62 (MethodCall)]
    T_OR           reduce using rule 37 (Assignment)
    T_OR           [reduce using rule 62 (MethodCall)]
    T_NOT          reduce using rule 37 (Assignment)
    T_NOT          [reduce using rule 62 (MethodCall)]
    T_ID           [reduce using rule 37 (Assignment)]
    T_ID           [reduce using rule 62 (MethodCall)]
    T_OPENPAREN    reduce using rule 37 (Assignment)
    T_OPENPAREN    [reduce using rule 62 (MethodCall)]
    T_NUMBER       reduce using rule 37 (Assignment)
    T_NUMBER       [reduce using rule 62 (MethodCall)]
    T_TRUE         reduce using rule 37 (Assignment)
    T_TRUE         [reduce using rule 62 (MethodCall)]
    T_FALSE        reduce using rule 37 (Assignment)
    T_FALSE        [reduce using rule 62 (MethodCall)]
    T_SEMICOLON    reduce using rule 37 (Assignment)
    T_SEMICOLON    [reduce using rule 62 (MethodCall)]
    T_NEW          reduce using rule 37 (Assignment)
    T_NEW          [reduce using rule 62 (MethodCall)]
    $default       reduce using rule 37 (Assignment)

    Statement    go to state 110
    Assignment   go to state 59
    MethodCall   go to state 60
    IfElse       go to state 61
    While        go to state 62
    RepeatUntil  go to state 63
    Print        go to state 64
    Block        go to state 132
    Type         go to state 84


State 108

   67 While: T_WHILE Exp T_OPEN_BRACKET . Block T_CLOSE_BRACKET
   68      | T_WHILE Exp T_OPEN_BRACKET . T_CLOSE_BRACKET

    T_ID             shift, and go to state 51
    T_CLOSE_BRACKET  shift, and go to state 133
    T_INTEGER        shift, and go to state 14
    T_PRINT          shift, and go to state 52
    T_IF             shift, and go to state 53
    T_WHILE          shift, and go to state 54
    T_BOOL           shift, and go to state 15
    T_REPEAT         shift, and go to state 55

    T_PLUS         reduce using rule 37 (Assignment)
    T_PLUS         [reduce using rule 62 (MethodCall)]
    T_MINUS        reduce using rule 37 (Assignment)
    T_MINUS        [reduce using rule 62 (MethodCall)]
    T_MULTIPLY     reduce using rule 37 (Assignment)
    T_MULTIPLY     [reduce using rule 62 (MethodCall)]
    T_DIVIDE       reduce using rule 37 (Assignment)
    T_DIVIDE       [reduce using rule 62 (MethodCall)]
    T_LSS          reduce using rule 37 (Assignment)
    T_LSS          [reduce using rule 62 (MethodCall)]
    T_LEQ          reduce using rule 37 (Assignment)
    T_LEQ          [reduce using rule 62 (MethodCall)]
    T_EQUIVALENCE  reduce using rule 37 (Assignment)
    T_EQUIVALENCE  [reduce using rule 62 (MethodCall)]
    T_AND          reduce using rule 37 (Assignment)
    T_AND          [reduce using rule 62 (MethodCall)]
    T_OR           reduce using rule 37 (Assignment)
    T_OR           [reduce using rule 62 (MethodCall)]
    T_NOT          reduce using rule 37 (Assignment)
    T_NOT          [reduce using rule 62 (MethodCall)]
    T_ID           [reduce using rule 37 (Assignment)]
    T_ID           [reduce using rule 62 (MethodCall)]
    T_OPENPAREN    reduce using rule 37 (Assignment)
    T_OPENPAREN    [reduce using rule 62 (MethodCall)]
    T_NUMBER       reduce using rule 37 (Assignment)
    T_NUMBER       [reduce using rule 62 (MethodCall)]
    T_TRUE         reduce using rule 37 (Assignment)
    T_TRUE         [reduce using rule 62 (MethodCall)]
    T_FALSE        reduce using rule 37 (Assignment)
    T_FALSE        [reduce using rule 62 (MethodCall)]
    T_SEMICOLON    reduce using rule 37 (Assignment)
    T_SEMICOLON    [reduce using rule 62 (MethodCall)]
    T_NEW          reduce using rule 37 (Assignment)
    T_NEW          [reduce using rule 62 (MethodCall)]
    $default       reduce using rule 37 (Assignment)

    Statement    go to state 110
    Assignment   go to state 59
    MethodCall   go to state 60
    IfElse       go to state 61
    While        go to state 62
    RepeatUntil  go to state 63
    Print        go to state 64
    Block        go to state 134
    Type         go to state 84


State 109

   70 RepeatUntil: T_REPEAT T_OPEN_BRACKET T_CLOSE_BRACKET . T_UNTIL T_OPENPAREN Exp T_SEMICOLON

    T_UNTIL  shift, and go to state 135


State 110

   73 Block: Statement . Exp T_SEMICOLON

    T_MINUS      shift, and go to state 70
    T_NOT        shift, and go to state 71
    T_ID         shift, and go to state 72
    T_OPENPAREN  shift, and go to state 73
    T_NUMBER     shift, and go to state 74
    T_TRUE       shift, and go to state 75
    T_FALSE      shift, and go to state 76
    T_NEW        shift, and go to state 77

    T_MINUS   [reduce using rule 62 (MethodCall)]
    $default  reduce using rule 62 (MethodCall)

    Exp         go to state 136
    MethodCall  go to state 79


State 111

   69 RepeatUntil: T_REPEAT T_OPEN_BRACKET Block . T_CLOSE_BRACKET T_UNTIL T_OPENPAREN Exp T_SEMICOLON
   72 Block: Block . Statement Exp T_SEMICOLON

    T_ID             shift, and go to state 51
    T_CLOSE_BRACKET  shift, and go to state 137
    T_INTEGER        shift, and go to state 14
    T_PRINT          shift, and go to state 52
    T_IF             shift, and go to state 53
    T_WHILE          shift, and go to state 54
    T_BOOL           shift, and go to state 15
    T_REPEAT         shift, and go to state 55

    T_PLUS         reduce using rule 37 (Assignment)
    T_PLUS         [reduce using rule 62 (MethodCall)]
    T_MINUS        reduce using rule 37 (Assignment)
    T_MINUS        [reduce using rule 62 (MethodCall)]
    T_MULTIPLY     reduce using rule 37 (Assignment)
    T_MULTIPLY     [reduce using rule 62 (MethodCall)]
    T_DIVIDE       reduce using rule 37 (Assignment)
    T_DIVIDE       [reduce using rule 62 (MethodCall)]
    T_LSS          reduce using rule 37 (Assignment)
    T_LSS          [reduce using rule 62 (MethodCall)]
    T_LEQ          reduce using rule 37 (Assignment)
    T_LEQ          [reduce using rule 62 (MethodCall)]
    T_EQUIVALENCE  reduce using rule 37 (Assignment)
    T_EQUIVALENCE  [reduce using rule 62 (MethodCall)]
    T_AND          reduce using rule 37 (Assignment)
    T_AND          [reduce using rule 62 (MethodCall)]
    T_OR           reduce using rule 37 (Assignment)
    T_OR           [reduce using rule 62 (MethodCall)]
    T_NOT          reduce using rule 37 (Assignment)
    T_NOT          [reduce using rule 62 (MethodCall)]
    T_ID           [reduce using rule 37 (Assignment)]
    T_ID           [reduce using rule 62 (MethodCall)]
    T_OPENPAREN    reduce using rule 37 (Assignment)
    T_OPENPAREN    [reduce using rule 62 (MethodCall)]
    T_NUMBER       reduce using rule 37 (Assignment)
    T_NUMBER       [reduce using rule 62 (MethodCall)]
    T_TRUE         reduce using rule 37 (Assignment)
    T_TRUE         [reduce using rule 62 (MethodCall)]
    T_FALSE        reduce using rule 37 (Assignment)
    T_FALSE        [reduce using rule 62 (MethodCall)]
    T_SEMICOLON    reduce using rule 37 (Assignment)
    T_SEMICOLON    [reduce using rule 62 (MethodCall)]
    T_NEW          reduce using rule 37 (Assignment)
    T_NEW          [reduce using rule 62 (MethodCall)]
    $default       reduce using rule 37 (Assignment)

    Statement    go to state 138
    Assignment   go to state 59
    MethodCall   go to state 60
    IfElse       go to state 61
    While        go to state 62
    RepeatUntil  go to state 63
    Print        go to state 64
    Type         go to state 84


State 112

   35 Assignment: Type T_ASSIGN Exp . T_SEMICOLON
   38 Exp: Exp . T_PLUS Exp
   39    | Exp . T_MINUS Exp
   40    | Exp . T_MULTIPLY Exp
   41    | Exp . T_DIVIDE Exp
   42    | Exp . T_LSS Exp
   43    | Exp . T_LEQ Exp
   44    | Exp . T_EQUIVALENCE Exp
   45    | Exp . T_AND Exp
   46    | Exp . T_OR Exp

    T_PLUS         shift, and go to state 97
    T_MINUS        shift, and go to state 98
    T_MULTIPLY     shift, and go to state 99
    T_DIVIDE       shift, and go to state 100
    T_LSS          shift, and go to state 101
    T_LEQ          shift, and go to state 102
    T_EQUIVALENCE  shift, and go to state 103
    T_AND          shift, and go to state 104
    T_OR           shift, and go to state 105
    T_SEMICOLON    shift, and go to state 139


State 113

   23 Declaration: Type IdentifierList T_SEMICOLON .

    $default  reduce using rule 23 (Declaration)


State 114

   24 IdentifierList: IdentifierList T_COMMA . T_ID

    T_ID  shift, and go to state 140


State 115

   59 MethodCall: T_ID T_OPENPAREN T_CLOSEPAREN T_SEMICOLON .

    $default  reduce using rule 59 (MethodCall)


State 116

   58 MethodCall: T_ID T_OPENPAREN Parameters T_CLOSEPAREN . T_SEMICOLON

    T_SEMICOLON  shift, and go to state 141


State 117

   60 MethodCall: T_ID T_DOT T_ID T_OPENPAREN . Parameters T_CLOSEPAREN T_SEMICOLON
   61           | T_ID T_DOT T_ID T_OPENPAREN . T_CLOSEPAREN T_SEMICOLON

    T_ID          shift, and go to state 27
    T_CLOSEPAREN  shift, and go to state 142

    Parameters  go to state 143
    Parameter   go to state 30


State 118

   36 Assignment: T_ID T_DOT T_ID T_ASSIGN . Exp T_SEMICOLON

    T_MINUS      shift, and go to state 70
    T_NOT        shift, and go to state 71
    T_ID         shift, and go to state 72
    T_OPENPAREN  shift, and go to state 73
    T_NUMBER     shift, and go to state 74
    T_TRUE       shift, and go to state 75
    T_FALSE      shift, and go to state 76
    T_NEW        shift, and go to state 77

    T_MINUS   [reduce using rule 62 (MethodCall)]
    $default  reduce using rule 62 (MethodCall)

    Exp         go to state 144
    MethodCall  go to state 79


State 119

   50 Exp: T_ID T_DOT T_ID .
   60 MethodCall: T_ID T_DOT T_ID . T_OPENPAREN Parameters T_CLOSEPAREN T_SEMICOLON
   61           | T_ID T_DOT T_ID . T_OPENPAREN T_CLOSEPAREN T_SEMICOLON

    T_OPENPAREN  shift, and go to state 117

    $default  reduce using rule 50 (Exp)


State 120

   52 Exp: T_OPENPAREN Exp T_CLOSEPAREN .

    $default  reduce using rule 52 (Exp)


State 121

   57 Exp: T_NEW T_ID T_OPENPAREN . Parameters T_CLOSEPAREN

    T_ID  shift, and go to state 27

    Parameters  go to state 145
    Parameter   go to state 30


State 122

   38 Exp: Exp . T_PLUS Exp
   38    | Exp T_PLUS Exp .
   39    | Exp . T_MINUS Exp
   40    | Exp . T_MULTIPLY Exp
   41    | Exp . T_DIVIDE Exp
   42    | Exp . T_LSS Exp
   43    | Exp . T_LEQ Exp
   44    | Exp . T_EQUIVALENCE Exp
   45    | Exp . T_AND Exp
   46    | Exp . T_OR Exp

    T_MULTIPLY  shift, and go to state 99
    T_DIVIDE    shift, and go to state 100

    $default  reduce using rule 38 (Exp)


State 123

   38 Exp: Exp . T_PLUS Exp
   39    | Exp . T_MINUS Exp
   39    | Exp T_MINUS Exp .
   40    | Exp . T_MULTIPLY Exp
   41    | Exp . T_DIVIDE Exp
   42    | Exp . T_LSS Exp
   43    | Exp . T_LEQ Exp
   44    | Exp . T_EQUIVALENCE Exp
   45    | Exp . T_AND Exp
   46    | Exp . T_OR Exp

    T_MULTIPLY  shift, and go to state 99
    T_DIVIDE    shift, and go to state 100

    $default  reduce using rule 39 (Exp)


State 124

   38 Exp: Exp . T_PLUS Exp
   39    | Exp . T_MINUS Exp
   40    | Exp . T_MULTIPLY Exp
   40    | Exp T_MULTIPLY Exp .
   41    | Exp . T_DIVIDE Exp
   42    | Exp . T_LSS Exp
   43    | Exp . T_LEQ Exp
   44    | Exp . T_EQUIVALENCE Exp
   45    | Exp . T_AND Exp
   46    | Exp . T_OR Exp

    $default  reduce using rule 40 (Exp)


State 125

   38 Exp: Exp . T_PLUS Exp
   39    | Exp . T_MINUS Exp
   40    | Exp . T_MULTIPLY Exp
   41    | Exp . T_DIVIDE Exp
   41    | Exp T_DIVIDE Exp .
   42    | Exp . T_LSS Exp
   43    | Exp . T_LEQ Exp
   44    | Exp . T_EQUIVALENCE Exp
   45    | Exp . T_AND Exp
   46    | Exp . T_OR Exp

    $default  reduce using rule 41 (Exp)


State 126

   38 Exp: Exp . T_PLUS Exp
   39    | Exp . T_MINUS Exp
   40    | Exp . T_MULTIPLY Exp
   41    | Exp . T_DIVIDE Exp
   42    | Exp . T_LSS Exp
   42    | Exp T_LSS Exp .
   43    | Exp . T_LEQ Exp
   44    | Exp . T_EQUIVALENCE Exp
   45    | Exp . T_AND Exp
   46    | Exp . T_OR Exp

    T_PLUS      shift, and go to state 97
    T_MINUS     shift, and go to state 98
    T_MULTIPLY  shift, and go to state 99
    T_DIVIDE    shift, and go to state 100

    $default  reduce using rule 42 (Exp)


State 127

   38 Exp: Exp . T_PLUS Exp
   39    | Exp . T_MINUS Exp
   40    | Exp . T_MULTIPLY Exp
   41    | Exp . T_DIVIDE Exp
   42    | Exp . T_LSS Exp
   43    | Exp . T_LEQ Exp
   43    | Exp T_LEQ Exp .
   44    | Exp . T_EQUIVALENCE Exp
   45    | Exp . T_AND Exp
   46    | Exp . T_OR Exp

    T_PLUS      shift, and go to state 97
    T_MINUS     shift, and go to state 98
    T_MULTIPLY  shift, and go to state 99
    T_DIVIDE    shift, and go to state 100

    $default  reduce using rule 43 (Exp)


State 128

   38 Exp: Exp . T_PLUS Exp
   39    | Exp . T_MINUS Exp
   40    | Exp . T_MULTIPLY Exp
   41    | Exp . T_DIVIDE Exp
   42    | Exp . T_LSS Exp
   43    | Exp . T_LEQ Exp
   44    | Exp . T_EQUIVALENCE Exp
   44    | Exp T_EQUIVALENCE Exp .
   45    | Exp . T_AND Exp
   46    | Exp . T_OR Exp

    T_PLUS      shift, and go to state 97
    T_MINUS     shift, and go to state 98
    T_MULTIPLY  shift, and go to state 99
    T_DIVIDE    shift, and go to state 100

    $default  reduce using rule 44 (Exp)


State 129

   38 Exp: Exp . T_PLUS Exp
   39    | Exp . T_MINUS Exp
   40    | Exp . T_MULTIPLY Exp
   41    | Exp . T_DIVIDE Exp
   42    | Exp . T_LSS Exp
   43    | Exp . T_LEQ Exp
   44    | Exp . T_EQUIVALENCE Exp
   45    | Exp . T_AND Exp
   45    | Exp T_AND Exp .
   46    | Exp . T_OR Exp

    T_PLUS         shift, and go to state 97
    T_MINUS        shift, and go to state 98
    T_MULTIPLY     shift, and go to state 99
    T_DIVIDE       shift, and go to state 100
    T_LSS          shift, and go to state 101
    T_LEQ          shift, and go to state 102
    T_EQUIVALENCE  shift, and go to state 103

    $default  reduce using rule 45 (Exp)


State 130

   38 Exp: Exp . T_PLUS Exp
   39    | Exp . T_MINUS Exp
   40    | Exp . T_MULTIPLY Exp
   41    | Exp . T_DIVIDE Exp
   42    | Exp . T_LSS Exp
   43    | Exp . T_LEQ Exp
   44    | Exp . T_EQUIVALENCE Exp
   45    | Exp . T_AND Exp
   46    | Exp . T_OR Exp
   46    | Exp T_OR Exp .

    T_PLUS         shift, and go to state 97
    T_MINUS        shift, and go to state 98
    T_MULTIPLY     shift, and go to state 99
    T_DIVIDE       shift, and go to state 100
    T_LSS          shift, and go to state 101
    T_LEQ          shift, and go to state 102
    T_EQUIVALENCE  shift, and go to state 103
    T_AND          shift, and go to state 104

    $default  reduce using rule 46 (Exp)


State 131

   64 IfElse: T_IF Exp T_OPEN_BRACKET T_CLOSE_BRACKET .
   66       | T_IF Exp T_OPEN_BRACKET T_CLOSE_BRACKET . T_ELSE T_OPEN_BRACKET T_CLOSE_BRACKET

    T_ELSE  shift, and go to state 146

    $default  reduce using rule 64 (IfElse)


State 132

   63 IfElse: T_IF Exp T_OPEN_BRACKET Block . T_CLOSE_BRACKET
   65       | T_IF Exp T_OPEN_BRACKET Block . T_CLOSE_BRACKET T_ELSE T_OPEN_BRACKET Block T_CLOSE_BRACKET
   72 Block: Block . Statement Exp T_SEMICOLON

    T_ID             shift, and go to state 51
    T_CLOSE_BRACKET  shift, and go to state 147
    T_INTEGER        shift, and go to state 14
    T_PRINT          shift, and go to state 52
    T_IF             shift, and go to state 53
    T_WHILE          shift, and go to state 54
    T_BOOL           shift, and go to state 15
    T_REPEAT         shift, and go to state 55

    T_PLUS         reduce using rule 37 (Assignment)
    T_PLUS         [reduce using rule 62 (MethodCall)]
    T_MINUS        reduce using rule 37 (Assignment)
    T_MINUS        [reduce using rule 62 (MethodCall)]
    T_MULTIPLY     reduce using rule 37 (Assignment)
    T_MULTIPLY     [reduce using rule 62 (MethodCall)]
    T_DIVIDE       reduce using rule 37 (Assignment)
    T_DIVIDE       [reduce using rule 62 (MethodCall)]
    T_LSS          reduce using rule 37 (Assignment)
    T_LSS          [reduce using rule 62 (MethodCall)]
    T_LEQ          reduce using rule 37 (Assignment)
    T_LEQ          [reduce using rule 62 (MethodCall)]
    T_EQUIVALENCE  reduce using rule 37 (Assignment)
    T_EQUIVALENCE  [reduce using rule 62 (MethodCall)]
    T_AND          reduce using rule 37 (Assignment)
    T_AND          [reduce using rule 62 (MethodCall)]
    T_OR           reduce using rule 37 (Assignment)
    T_OR           [reduce using rule 62 (MethodCall)]
    T_NOT          reduce using rule 37 (Assignment)
    T_NOT          [reduce using rule 62 (MethodCall)]
    T_ID           [reduce using rule 37 (Assignment)]
    T_ID           [reduce using rule 62 (MethodCall)]
    T_OPENPAREN    reduce using rule 37 (Assignment)
    T_OPENPAREN    [reduce using rule 62 (MethodCall)]
    T_NUMBER       reduce using rule 37 (Assignment)
    T_NUMBER       [reduce using rule 62 (MethodCall)]
    T_TRUE         reduce using rule 37 (Assignment)
    T_TRUE         [reduce using rule 62 (MethodCall)]
    T_FALSE        reduce using rule 37 (Assignment)
    T_FALSE        [reduce using rule 62 (MethodCall)]
    T_SEMICOLON    reduce using rule 37 (Assignment)
    T_SEMICOLON    [reduce using rule 62 (MethodCall)]
    T_NEW          reduce using rule 37 (Assignment)
    T_NEW          [reduce using rule 62 (MethodCall)]
    $default       reduce using rule 37 (Assignment)

    Statement    go to state 138
    Assignment   go to state 59
    MethodCall   go to state 60
    IfElse       go to state 61
    While        go to state 62
    RepeatUntil  go to state 63
    Print        go to state 64
    Type         go to state 84


State 133

   68 While: T_WHILE Exp T_OPEN_BRACKET T_CLOSE_BRACKET .

    $default  reduce using rule 68 (While)


State 134

   67 While: T_WHILE Exp T_OPEN_BRACKET Block . T_CLOSE_BRACKET
   72 Block: Block . Statement Exp T_SEMICOLON

    T_ID             shift, and go to state 51
    T_CLOSE_BRACKET  shift, and go to state 148
    T_INTEGER        shift, and go to state 14
    T_PRINT          shift, and go to state 52
    T_IF             shift, and go to state 53
    T_WHILE          shift, and go to state 54
    T_BOOL           shift, and go to state 15
    T_REPEAT         shift, and go to state 55

    T_PLUS         reduce using rule 37 (Assignment)
    T_PLUS         [reduce using rule 62 (MethodCall)]
    T_MINUS        reduce using rule 37 (Assignment)
    T_MINUS        [reduce using rule 62 (MethodCall)]
    T_MULTIPLY     reduce using rule 37 (Assignment)
    T_MULTIPLY     [reduce using rule 62 (MethodCall)]
    T_DIVIDE       reduce using rule 37 (Assignment)
    T_DIVIDE       [reduce using rule 62 (MethodCall)]
    T_LSS          reduce using rule 37 (Assignment)
    T_LSS          [reduce using rule 62 (MethodCall)]
    T_LEQ          reduce using rule 37 (Assignment)
    T_LEQ          [reduce using rule 62 (MethodCall)]
    T_EQUIVALENCE  reduce using rule 37 (Assignment)
    T_EQUIVALENCE  [reduce using rule 62 (MethodCall)]
    T_AND          reduce using rule 37 (Assignment)
    T_AND          [reduce using rule 62 (MethodCall)]
    T_OR           reduce using rule 37 (Assignment)
    T_OR           [reduce using rule 62 (MethodCall)]
    T_NOT          reduce using rule 37 (Assignment)
    T_NOT          [reduce using rule 62 (MethodCall)]
    T_ID           [reduce using rule 37 (Assignment)]
    T_ID           [reduce using rule 62 (MethodCall)]
    T_OPENPAREN    reduce using rule 37 (Assignment)
    T_OPENPAREN    [reduce using rule 62 (MethodCall)]
    T_NUMBER       reduce using rule 37 (Assignment)
    T_NUMBER       [reduce using rule 62 (MethodCall)]
    T_TRUE         reduce using rule 37 (Assignment)
    T_TRUE         [reduce using rule 62 (MethodCall)]
    T_FALSE        reduce using rule 37 (Assignment)
    T_FALSE        [reduce using rule 62 (MethodCall)]
    T_SEMICOLON    reduce using rule 37 (Assignment)
    T_SEMICOLON    [reduce using rule 62 (MethodCall)]
    T_NEW          reduce using rule 37 (Assignment)
    T_NEW          [reduce using rule 62 (MethodCall)]
    $default       reduce using rule 37 (Assignment)

    Statement    go to state 138
    Assignment   go to state 59
    MethodCall   go to state 60
    IfElse       go to state 61
    While        go to state 62
    RepeatUntil  go to state 63
    Print        go to state 64
    Type         go to state 84


State 135

   70 RepeatUntil: T_REPEAT T_OPEN_BRACKET T_CLOSE_BRACKET T_UNTIL . T_OPENPAREN Exp T_SEMICOLON

    T_OPENPAREN  shift, and go to state 149


State 136

   38 Exp: Exp . T_PLUS Exp
   39    | Exp . T_MINUS Exp
   40    | Exp . T_MULTIPLY Exp
   41    | Exp . T_DIVIDE Exp
   42    | Exp . T_LSS Exp
   43    | Exp . T_LEQ Exp
   44    | Exp . T_EQUIVALENCE Exp
   45    | Exp . T_AND Exp
   46    | Exp . T_OR Exp
   73 Block: Statement Exp . T_SEMICOLON

    T_PLUS         shift, and go to state 97
    T_MINUS        shift, and go to state 98
    T_MULTIPLY     shift, and go to state 99
    T_DIVIDE       shift, and go to state 100
    T_LSS          shift, and go to state 101
    T_LEQ          shift, and go to state 102
    T_EQUIVALENCE  shift, and go to state 103
    T_AND          shift, and go to state 104
    T_OR           shift, and go to state 105
    T_SEMICOLON    shift, and go to state 150


State 137

   69 RepeatUntil: T_REPEAT T_OPEN_BRACKET Block T_CLOSE_BRACKET . T_UNTIL T_OPENPAREN Exp T_SEMICOLON

    T_UNTIL  shift, and go to state 151


State 138

   72 Block: Block Statement . Exp T_SEMICOLON

    T_MINUS      shift, and go to state 70
    T_NOT        shift, and go to state 71
    T_ID         shift, and go to state 72
    T_OPENPAREN  shift, and go to state 73
    T_NUMBER     shift, and go to state 74
    T_TRUE       shift, and go to state 75
    T_FALSE      shift, and go to state 76
    T_NEW        shift, and go to state 77

    T_MINUS   [reduce using rule 62 (MethodCall)]
    $default  reduce using rule 62 (MethodCall)

    Exp         go to state 152
    MethodCall  go to state 79


State 139

   35 Assignment: Type T_ASSIGN Exp T_SEMICOLON .

    $default  reduce using rule 35 (Assignment)


State 140

   24 IdentifierList: IdentifierList T_COMMA T_ID .

    $default  reduce using rule 24 (IdentifierList)


State 141

   58 MethodCall: T_ID T_OPENPAREN Parameters T_CLOSEPAREN T_SEMICOLON .

    $default  reduce using rule 58 (MethodCall)


State 142

   61 MethodCall: T_ID T_DOT T_ID T_OPENPAREN T_CLOSEPAREN . T_SEMICOLON

    T_SEMICOLON  shift, and go to state 153


State 143

   13 Parameters: Parameters . T_COMMA Parameter
   60 MethodCall: T_ID T_DOT T_ID T_OPENPAREN Parameters . T_CLOSEPAREN T_SEMICOLON

    T_CLOSEPAREN  shift, and go to state 154
    T_COMMA       shift, and go to state 36


State 144

   36 Assignment: T_ID T_DOT T_ID T_ASSIGN Exp . T_SEMICOLON
   38 Exp: Exp . T_PLUS Exp
   39    | Exp . T_MINUS Exp
   40    | Exp . T_MULTIPLY Exp
   41    | Exp . T_DIVIDE Exp
   42    | Exp . T_LSS Exp
   43    | Exp . T_LEQ Exp
   44    | Exp . T_EQUIVALENCE Exp
   45    | Exp . T_AND Exp
   46    | Exp . T_OR Exp

    T_PLUS         shift, and go to state 97
    T_MINUS        shift, and go to state 98
    T_MULTIPLY     shift, and go to state 99
    T_DIVIDE       shift, and go to state 100
    T_LSS          shift, and go to state 101
    T_LEQ          shift, and go to state 102
    T_EQUIVALENCE  shift, and go to state 103
    T_AND          shift, and go to state 104
    T_OR           shift, and go to state 105
    T_SEMICOLON    shift, and go to state 155


State 145

   13 Parameters: Parameters . T_COMMA Parameter
   57 Exp: T_NEW T_ID T_OPENPAREN Parameters . T_CLOSEPAREN

    T_CLOSEPAREN  shift, and go to state 156
    T_COMMA       shift, and go to state 36


State 146

   66 IfElse: T_IF Exp T_OPEN_BRACKET T_CLOSE_BRACKET T_ELSE . T_OPEN_BRACKET T_CLOSE_BRACKET

    T_OPEN_BRACKET  shift, and go to state 157


State 147

   63 IfElse: T_IF Exp T_OPEN_BRACKET Block T_CLOSE_BRACKET .
   65       | T_IF Exp T_OPEN_BRACKET Block T_CLOSE_BRACKET . T_ELSE T_OPEN_BRACKET Block T_CLOSE_BRACKET

    T_ELSE  shift, and go to state 158

    $default  reduce using rule 63 (IfElse)


State 148

   67 While: T_WHILE Exp T_OPEN_BRACKET Block T_CLOSE_BRACKET .

    $default  reduce using rule 67 (While)


State 149

   70 RepeatUntil: T_REPEAT T_OPEN_BRACKET T_CLOSE_BRACKET T_UNTIL T_OPENPAREN . Exp T_SEMICOLON

    T_MINUS      shift, and go to state 70
    T_NOT        shift, and go to state 71
    T_ID         shift, and go to state 72
    T_OPENPAREN  shift, and go to state 73
    T_NUMBER     shift, and go to state 74
    T_TRUE       shift, and go to state 75
    T_FALSE      shift, and go to state 76
    T_NEW        shift, and go to state 77

    T_MINUS   [reduce using rule 62 (MethodCall)]
    $default  reduce using rule 62 (MethodCall)

    Exp         go to state 159
    MethodCall  go to state 79


State 150

   73 Block: Statement Exp T_SEMICOLON .

    $default  reduce using rule 73 (Block)


State 151

   69 RepeatUntil: T_REPEAT T_OPEN_BRACKET Block T_CLOSE_BRACKET T_UNTIL . T_OPENPAREN Exp T_SEMICOLON

    T_OPENPAREN  shift, and go to state 160


State 152

   38 Exp: Exp . T_PLUS Exp
   39    | Exp . T_MINUS Exp
   40    | Exp . T_MULTIPLY Exp
   41    | Exp . T_DIVIDE Exp
   42    | Exp . T_LSS Exp
   43    | Exp . T_LEQ Exp
   44    | Exp . T_EQUIVALENCE Exp
   45    | Exp . T_AND Exp
   46    | Exp . T_OR Exp
   72 Block: Block Statement Exp . T_SEMICOLON

    T_PLUS         shift, and go to state 97
    T_MINUS        shift, and go to state 98
    T_MULTIPLY     shift, and go to state 99
    T_DIVIDE       shift, and go to state 100
    T_LSS          shift, and go to state 101
    T_LEQ          shift, and go to state 102
    T_EQUIVALENCE  shift, and go to state 103
    T_AND          shift, and go to state 104
    T_OR           shift, and go to state 105
    T_SEMICOLON    shift, and go to state 161


State 153

   61 MethodCall: T_ID T_DOT T_ID T_OPENPAREN T_CLOSEPAREN T_SEMICOLON .

    $default  reduce using rule 61 (MethodCall)


State 154

   60 MethodCall: T_ID T_DOT T_ID T_OPENPAREN Parameters T_CLOSEPAREN . T_SEMICOLON

    T_SEMICOLON  shift, and go to state 162


State 155

   36 Assignment: T_ID T_DOT T_ID T_ASSIGN Exp T_SEMICOLON .

    $default  reduce using rule 36 (Assignment)


State 156

   57 Exp: T_NEW T_ID T_OPENPAREN Parameters T_CLOSEPAREN .

    $default  reduce using rule 57 (Exp)


State 157

   66 IfElse: T_IF Exp T_OPEN_BRACKET T_CLOSE_BRACKET T_ELSE T_OPEN_BRACKET . T_CLOSE_BRACKET

    T_CLOSE_BRACKET  shift, and go to state 163


State 158

   65 IfElse: T_IF Exp T_OPEN_BRACKET Block T_CLOSE_BRACKET T_ELSE . T_OPEN_BRACKET Block T_CLOSE_BRACKET

    T_OPEN_BRACKET  shift, and go to state 164


State 159

   38 Exp: Exp . T_PLUS Exp
   39    | Exp . T_MINUS Exp
   40    | Exp . T_MULTIPLY Exp
   41    | Exp . T_DIVIDE Exp
   42    | Exp . T_LSS Exp
   43    | Exp . T_LEQ Exp
   44    | Exp . T_EQUIVALENCE Exp
   45    | Exp . T_AND Exp
   46    | Exp . T_OR Exp
   70 RepeatUntil: T_REPEAT T_OPEN_BRACKET T_CLOSE_BRACKET T_UNTIL T_OPENPAREN Exp . T_SEMICOLON

    T_PLUS         shift, and go to state 97
    T_MINUS        shift, and go to state 98
    T_MULTIPLY     shift, and go to state 99
    T_DIVIDE       shift, and go to state 100
    T_LSS          shift, and go to state 101
    T_LEQ          shift, and go to state 102
    T_EQUIVALENCE  shift, and go to state 103
    T_AND          shift, and go to state 104
    T_OR           shift, and go to state 105
    T_SEMICOLON    shift, and go to state 165


State 160

   69 RepeatUntil: T_REPEAT T_OPEN_BRACKET Block T_CLOSE_BRACKET T_UNTIL T_OPENPAREN . Exp T_SEMICOLON

    T_MINUS      shift, and go to state 70
    T_NOT        shift, and go to state 71
    T_ID         shift, and go to state 72
    T_OPENPAREN  shift, and go to state 73
    T_NUMBER     shift, and go to state 74
    T_TRUE       shift, and go to state 75
    T_FALSE      shift, and go to state 76
    T_NEW        shift, and go to state 77

    T_MINUS   [reduce using rule 62 (MethodCall)]
    $default  reduce using rule 62 (MethodCall)

    Exp         go to state 166
    MethodCall  go to state 79


State 161

   72 Block: Block Statement Exp T_SEMICOLON .

    $default  reduce using rule 72 (Block)


State 162

   60 MethodCall: T_ID T_DOT T_ID T_OPENPAREN Parameters T_CLOSEPAREN T_SEMICOLON .

    $default  reduce using rule 60 (MethodCall)


State 163

   66 IfElse: T_IF Exp T_OPEN_BRACKET T_CLOSE_BRACKET T_ELSE T_OPEN_BRACKET T_CLOSE_BRACKET .

    $default  reduce using rule 66 (IfElse)


State 164

   65 IfElse: T_IF Exp T_OPEN_BRACKET Block T_CLOSE_BRACKET T_ELSE T_OPEN_BRACKET . Block T_CLOSE_BRACKET

    T_ID       shift, and go to state 51
    T_INTEGER  shift, and go to state 14
    T_PRINT    shift, and go to state 52
    T_IF       shift, and go to state 53
    T_WHILE    shift, and go to state 54
    T_BOOL     shift, and go to state 15
    T_REPEAT   shift, and go to state 55

    T_PLUS         reduce using rule 37 (Assignment)
    T_PLUS         [reduce using rule 62 (MethodCall)]
    T_MINUS        reduce using rule 37 (Assignment)
    T_MINUS        [reduce using rule 62 (MethodCall)]
    T_MULTIPLY     reduce using rule 37 (Assignment)
    T_MULTIPLY     [reduce using rule 62 (MethodCall)]
    T_DIVIDE       reduce using rule 37 (Assignment)
    T_DIVIDE       [reduce using rule 62 (MethodCall)]
    T_LSS          reduce using rule 37 (Assignment)
    T_LSS          [reduce using rule 62 (MethodCall)]
    T_LEQ          reduce using rule 37 (Assignment)
    T_LEQ          [reduce using rule 62 (MethodCall)]
    T_EQUIVALENCE  reduce using rule 37 (Assignment)
    T_EQUIVALENCE  [reduce using rule 62 (MethodCall)]
    T_AND          reduce using rule 37 (Assignment)
    T_AND          [reduce using rule 62 (MethodCall)]
    T_OR           reduce using rule 37 (Assignment)
    T_OR           [reduce using rule 62 (MethodCall)]
    T_NOT          reduce using rule 37 (Assignment)
    T_NOT          [reduce using rule 62 (MethodCall)]
    T_ID           [reduce using rule 37 (Assignment)]
    T_ID           [reduce using rule 62 (MethodCall)]
    T_OPENPAREN    reduce using rule 37 (Assignment)
    T_OPENPAREN    [reduce using rule 62 (MethodCall)]
    T_NUMBER       reduce using rule 37 (Assignment)
    T_NUMBER       [reduce using rule 62 (MethodCall)]
    T_TRUE         reduce using rule 37 (Assignment)
    T_TRUE         [reduce using rule 62 (MethodCall)]
    T_FALSE        reduce using rule 37 (Assignment)
    T_FALSE        [reduce using rule 62 (MethodCall)]
    T_SEMICOLON    reduce using rule 37 (Assignment)
    T_SEMICOLON    [reduce using rule 62 (MethodCall)]
    T_NEW          reduce using rule 37 (Assignment)
    T_NEW          [reduce using rule 62 (MethodCall)]
    $default       reduce using rule 37 (Assignment)

    Statement    go to state 110
    Assignment   go to state 59
    MethodCall   go to state 60
    IfElse       go to state 61
    While        go to state 62
    RepeatUntil  go to state 63
    Print        go to state 64
    Block        go to state 167
    Type         go to state 84


State 165

   70 RepeatUntil: T_REPEAT T_OPEN_BRACKET T_CLOSE_BRACKET T_UNTIL T_OPENPAREN Exp T_SEMICOLON .

    $default  reduce using rule 70 (RepeatUntil)


State 166

   38 Exp: Exp . T_PLUS Exp
   39    | Exp . T_MINUS Exp
   40    | Exp . T_MULTIPLY Exp
   41    | Exp . T_DIVIDE Exp
   42    | Exp . T_LSS Exp
   43    | Exp . T_LEQ Exp
   44    | Exp . T_EQUIVALENCE Exp
   45    | Exp . T_AND Exp
   46    | Exp . T_OR Exp
   69 RepeatUntil: T_REPEAT T_OPEN_BRACKET Block T_CLOSE_BRACKET T_UNTIL T_OPENPAREN Exp . T_SEMICOLON

    T_PLUS         shift, and go to state 97
    T_MINUS        shift, and go to state 98
    T_MULTIPLY     shift, and go to state 99
    T_DIVIDE       shift, and go to state 100
    T_LSS          shift, and go to state 101
    T_LEQ          shift, and go to state 102
    T_EQUIVALENCE  shift, and go to state 103
    T_AND          shift, and go to state 104
    T_OR           shift, and go to state 105
    T_SEMICOLON    shift, and go to state 168


State 167

   65 IfElse: T_IF Exp T_OPEN_BRACKET Block T_CLOSE_BRACKET T_ELSE T_OPEN_BRACKET Block . T_CLOSE_BRACKET
   72 Block: Block . Statement Exp T_SEMICOLON

    T_ID             shift, and go to state 51
    T_CLOSE_BRACKET  shift, and go to state 169
    T_INTEGER        shift, and go to state 14
    T_PRINT          shift, and go to state 52
    T_IF             shift, and go to state 53
    T_WHILE          shift, and go to state 54
    T_BOOL           shift, and go to state 15
    T_REPEAT         shift, and go to state 55

    T_PLUS         reduce using rule 37 (Assignment)
    T_PLUS         [reduce using rule 62 (MethodCall)]
    T_MINUS        reduce using rule 37 (Assignment)
    T_MINUS        [reduce using rule 62 (MethodCall)]
    T_MULTIPLY     reduce using rule 37 (Assignment)
    T_MULTIPLY     [reduce using rule 62 (MethodCall)]
    T_DIVIDE       reduce using rule 37 (Assignment)
    T_DIVIDE       [reduce using rule 62 (MethodCall)]
    T_LSS          reduce using rule 37 (Assignment)
    T_LSS          [reduce using rule 62 (MethodCall)]
    T_LEQ          reduce using rule 37 (Assignment)
    T_LEQ          [reduce using rule 62 (MethodCall)]
    T_EQUIVALENCE  reduce using rule 37 (Assignment)
    T_EQUIVALENCE  [reduce using rule 62 (MethodCall)]
    T_AND          reduce using rule 37 (Assignment)
    T_AND          [reduce using rule 62 (MethodCall)]
    T_OR           reduce using rule 37 (Assignment)
    T_OR           [reduce using rule 62 (MethodCall)]
    T_NOT          reduce using rule 37 (Assignment)
    T_NOT          [reduce using rule 62 (MethodCall)]
    T_ID           [reduce using rule 37 (Assignment)]
    T_ID           [reduce using rule 62 (MethodCall)]
    T_OPENPAREN    reduce using rule 37 (Assignment)
    T_OPENPAREN    [reduce using rule 62 (MethodCall)]
    T_NUMBER       reduce using rule 37 (Assignment)
    T_NUMBER       [reduce using rule 62 (MethodCall)]
    T_TRUE         reduce using rule 37 (Assignment)
    T_TRUE         [reduce using rule 62 (MethodCall)]
    T_FALSE        reduce using rule 37 (Assignment)
    T_FALSE        [reduce using rule 62 (MethodCall)]
    T_SEMICOLON    reduce using rule 37 (Assignment)
    T_SEMICOLON    [reduce using rule 62 (MethodCall)]
    T_NEW          reduce using rule 37 (Assignment)
    T_NEW          [reduce using rule 62 (MethodCall)]
    $default       reduce using rule 37 (Assignment)

    Statement    go to state 138
    Assignment   go to state 59
    MethodCall   go to state 60
    IfElse       go to state 61
    While        go to state 62
    RepeatUntil  go to state 63
    Print        go to state 64
    Type         go to state 84


State 168

   69 RepeatUntil: T_REPEAT T_OPEN_BRACKET Block T_CLOSE_BRACKET T_UNTIL T_OPENPAREN Exp T_SEMICOLON .

    $default  reduce using rule 69 (RepeatUntil)


State 169

   65 IfElse: T_IF Exp T_OPEN_BRACKET Block T_CLOSE_BRACKET T_ELSE T_OPEN_BRACKET Block T_CLOSE_BRACKET .

    $default  reduce using rule 65 (IfElse)
